Build started 4/30/2014 11:23:56 AM.
     1>Project "C:\School Work\C++\csc190ChristianLang\GameSkeleton\GameSkeleton\GameSolution\Test\Test.vcxproj" on node 3 (Build target(s)).
     1>ClCompile:
         C:\Program Files (x86)\Microsoft Visual Studio 11.0\VC\bin\CL.exe /c /I"C:\School Work\C++\csc190ChristianLang\GameSkeleton\GameSkeleton\GameSolution\\Engine" /I"C:\School Work\C++\csc190ChristianLang\GameSkeleton\GameSkeleton\GameSolution\gtest" /ZI /nologo /W4 /WX /Od /Oy- /D WIN32 /D _DEBUG /D _WINDOWS /D _UNICODE /D UNICODE /Gm /EHsc /RTC1 /MDd /GS /fp:precise /Zc:wchar_t /Zc:forScope /Fo"Debug\\" /Fd"Debug\vc110.pdb" /Gd /TP /analyze- /errorReport:prompt "..\gtest\src\gtest-all.cc" SampleTest.cpp main.cpp
         main.cpp
     1>c:\school work\c++\csc190christianlang\gameskeleton\gameskeleton\gamesolution\gtest\gtest\gtest-printers.h(550): error C2977: 'std::tuple' : too many template arguments
                 c:\program files (x86)\microsoft visual studio 11.0\vc\include\utility(73) : see declaration of 'std::tuple'
     1>c:\school work\c++\csc190christianlang\gameskeleton\gameskeleton\gamesolution\gtest\gtest\gtest-printers.h(558): error C2977: 'std::tuple' : too many template arguments
                 c:\program files (x86)\microsoft visual studio 11.0\vc\include\utility(73) : see declaration of 'std::tuple'
     1>c:\school work\c++\csc190christianlang\gameskeleton\gameskeleton\gamesolution\gtest\gtest\internal\gtest-param-util-generated.h(4017): error C2977: 'std::tuple' : too many template arguments
                 c:\program files (x86)\microsoft visual studio 11.0\vc\include\utility(73) : see declaration of 'std::tuple'
                 c:\school work\c++\csc190christianlang\gameskeleton\gameskeleton\gamesolution\gtest\gtest\internal\gtest-param-util-generated.h(4249) : see reference to class template instantiation 'testing::internal::CartesianProductGenerator9<T1,T2,T3,T4,T5,T6,T7,T8,T9>' being compiled
     1>c:\school work\c++\csc190christianlang\gameskeleton\gameskeleton\gamesolution\gtest\gtest\internal\gtest-param-util-generated.h(4017): error C3203: 'tuple' : unspecialized class template can't be used as a template argument for template parameter 'T', expected a real type
     1>c:\school work\c++\csc190christianlang\gameskeleton\gameskeleton\gamesolution\gtest\gtest\internal\gtest-param-util-generated.h(4017): error C2955: 'std::tuple' : use of class template requires template argument list
                 c:\program files (x86)\microsoft visual studio 11.0\vc\include\utility(73) : see declaration of 'std::tuple'
     1>c:\school work\c++\csc190christianlang\gameskeleton\gameskeleton\gamesolution\gtest\gtest\internal\gtest-param-util-generated.h(4017): error C2955: 'testing::internal::ParamGeneratorInterface' : use of class template requires template argument list
                 c:\school work\c++\csc190christianlang\gameskeleton\gameskeleton\gamesolution\gtest\gtest\internal\gtest-param-util.h(142) : see declaration of 'testing::internal::ParamGeneratorInterface'
     1>c:\school work\c++\csc190christianlang\gameskeleton\gameskeleton\gamesolution\gtest\gtest\internal\gtest-param-util-generated.h(4019): error C2977: 'std::tuple' : too many template arguments
                 c:\program files (x86)\microsoft visual studio 11.0\vc\include\utility(73) : see declaration of 'std::tuple'
     1>c:\school work\c++\csc190christianlang\gameskeleton\gameskeleton\gamesolution\gtest\gtest\internal\gtest-param-util-generated.h(4030): error C3203: 'tuple' : unspecialized class template can't be used as a template argument for template parameter 'T', expected a real type
     1>c:\school work\c++\csc190christianlang\gameskeleton\gameskeleton\gamesolution\gtest\gtest\internal\gtest-param-util-generated.h(4030): error C2955: 'std::tuple' : use of class template requires template argument list
                 c:\program files (x86)\microsoft visual studio 11.0\vc\include\utility(73) : see declaration of 'std::tuple'
     1>c:\school work\c++\csc190christianlang\gameskeleton\gameskeleton\gamesolution\gtest\gtest\internal\gtest-param-util-generated.h(4035): error C3203: 'tuple' : unspecialized class template can't be used as a template argument for template parameter 'T', expected a real type
     1>c:\school work\c++\csc190christianlang\gameskeleton\gameskeleton\gamesolution\gtest\gtest\internal\gtest-param-util-generated.h(4035): error C2955: 'std::tuple' : use of class template requires template argument list
                 c:\program files (x86)\microsoft visual studio 11.0\vc\include\utility(73) : see declaration of 'std::tuple'
     1>c:\school work\c++\csc190christianlang\gameskeleton\gameskeleton\gamesolution\gtest\gtest\internal\gtest-param-util-generated.h(4042): error C3203: 'tuple' : unspecialized class template can't be used as a template argument for template parameter 'T', expected a real type
                 c:\school work\c++\csc190christianlang\gameskeleton\gameskeleton\gamesolution\gtest\gtest\internal\gtest-param-util-generated.h(4042) : see reference to class template instantiation 'testing::internal::CartesianProductGenerator9<T1,T2,T3,T4,T5,T6,T7,T8,T9>::Iterator' being compiled
     1>c:\school work\c++\csc190christianlang\gameskeleton\gameskeleton\gamesolution\gtest\gtest\internal\gtest-param-util-generated.h(4042): error C2955: 'std::tuple' : use of class template requires template argument list
                 c:\program files (x86)\microsoft visual studio 11.0\vc\include\utility(73) : see declaration of 'std::tuple'
     1>c:\school work\c++\csc190christianlang\gameskeleton\gameskeleton\gamesolution\gtest\gtest\internal\gtest-param-util-generated.h(4042): error C2955: 'testing::internal::ParamIteratorInterface' : use of class template requires template argument list
                 c:\school work\c++\csc190christianlang\gameskeleton\gameskeleton\gamesolution\gtest\gtest\internal\gtest-param-util.h(69) : see declaration of 'testing::internal::ParamIteratorInterface'
     1>c:\school work\c++\csc190christianlang\gameskeleton\gameskeleton\gamesolution\gtest\gtest\internal\gtest-param-util-generated.h(4044): error C3203: 'tuple' : unspecialized class template can't be used as a template argument for template parameter 'T', expected a real type
     1>c:\school work\c++\csc190christianlang\gameskeleton\gameskeleton\gamesolution\gtest\gtest\internal\gtest-param-util-generated.h(4044): error C2955: 'std::tuple' : use of class template requires template argument list
                 c:\program files (x86)\microsoft visual studio 11.0\vc\include\utility(73) : see declaration of 'std::tuple'
                 c:\program files (x86)\microsoft visual studio 11.0\vc\include\utility(73) : see declaration of 'std::tuple'
     1>c:\school work\c++\csc190christianlang\gameskeleton\gameskeleton\gamesolution\gtest\gtest\internal\gtest-param-util-generated.h(4077): error C3203: 'tuple' : unspecialized class template can't be used as a template argument for template parameter 'T', expected a real type
     1>c:\school work\c++\csc190christianlang\gameskeleton\gameskeleton\gamesolution\gtest\gtest\internal\gtest-param-util-generated.h(4077): error C2955: 'std::tuple' : use of class template requires template argument list
                 c:\program files (x86)\microsoft visual studio 11.0\vc\include\utility(73) : see declaration of 'std::tuple'
     1>c:\school work\c++\csc190christianlang\gameskeleton\gameskeleton\gamesolution\gtest\gtest\internal\gtest-param-util-generated.h(4119): error C3203: 'tuple' : unspecialized class template can't be used as a template argument for template parameter 'T', expected a real type
     1>c:\school work\c++\csc190christianlang\gameskeleton\gameskeleton\gamesolution\gtest\gtest\internal\gtest-param-util-generated.h(4119): error C2955: 'std::tuple' : use of class template requires template argument list
                 c:\program files (x86)\microsoft visual studio 11.0\vc\include\utility(73) : see declaration of 'std::tuple'
     1>c:\school work\c++\csc190christianlang\gameskeleton\gameskeleton\gamesolution\gtest\gtest\internal\gtest-param-util-generated.h(4123): error C3203: 'tuple' : unspecialized class template can't be used as a template argument for template parameter 'T', expected a real type
     1>c:\school work\c++\csc190christianlang\gameskeleton\gameskeleton\gamesolution\gtest\gtest\internal\gtest-param-util-generated.h(4123): error C2955: 'std::tuple' : use of class template requires template argument list
                 c:\program files (x86)\microsoft visual studio 11.0\vc\include\utility(73) : see declaration of 'std::tuple'
     1>c:\school work\c++\csc190christianlang\gameskeleton\gameskeleton\gamesolution\gtest\gtest\internal\gtest-param-util-generated.h(4204): error C3203: 'tuple' : unspecialized class template can't be used as a template argument for template parameter 'T', expected a real type
     1>c:\school work\c++\csc190christianlang\gameskeleton\gameskeleton\gamesolution\gtest\gtest\internal\gtest-param-util-generated.h(4204): error C2955: 'std::tuple' : use of class template requires template argument list
                 c:\program files (x86)\microsoft visual studio 11.0\vc\include\utility(73) : see declaration of 'std::tuple'
     1>c:\school work\c++\csc190christianlang\gameskeleton\gameskeleton\gamesolution\gtest\gtest\internal\gtest-param-util-generated.h(4256): error C2977: 'std::tuple' : too many template arguments
                 c:\program files (x86)\microsoft visual studio 11.0\vc\include\utility(73) : see declaration of 'std::tuple'
                 c:\school work\c++\csc190christianlang\gameskeleton\gameskeleton\gamesolution\gtest\gtest\internal\gtest-param-util-generated.h(4505) : see reference to class template instantiation 'testing::internal::CartesianProductGenerator10<T1,T2,T3,T4,T5,T6,T7,T8,T9,T10>' being compiled
     1>c:\school work\c++\csc190christianlang\gameskeleton\gameskeleton\gamesolution\gtest\gtest\internal\gtest-param-util-generated.h(4256): error C3203: 'tuple' : unspecialized class template can't be used as a template argument for template parameter 'T', expected a real type
     1>c:\school work\c++\csc190christianlang\gameskeleton\gameskeleton\gamesolution\gtest\gtest\internal\gtest-param-util-generated.h(4256): error C2955: 'std::tuple' : use of class template requires template argument list
                 c:\program files (x86)\microsoft visual studio 11.0\vc\include\utility(73) : see declaration of 'std::tuple'
     1>c:\school work\c++\csc190christianlang\gameskeleton\gameskeleton\gamesolution\gtest\gtest\internal\gtest-param-util-generated.h(4256): error C2955: 'testing::internal::ParamGeneratorInterface' : use of class template requires template argument list
                 c:\school work\c++\csc190christianlang\gameskeleton\gameskeleton\gamesolution\gtest\gtest\internal\gtest-param-util.h(142) : see declaration of 'testing::internal::ParamGeneratorInterface'
     1>c:\school work\c++\csc190christianlang\gameskeleton\gameskeleton\gamesolution\gtest\gtest\internal\gtest-param-util-generated.h(4258): error C2977: 'std::tuple' : too many template arguments
                 c:\program files (x86)\microsoft visual studio 11.0\vc\include\utility(73) : see declaration of 'std::tuple'
     1>c:\school work\c++\csc190christianlang\gameskeleton\gameskeleton\gamesolution\gtest\gtest\internal\gtest-param-util-generated.h(4270): error C3203: 'tuple' : unspecialized class template can't be used as a template argument for template parameter 'T', expected a real type
     1>c:\school work\c++\csc190christianlang\gameskeleton\gameskeleton\gamesolution\gtest\gtest\internal\gtest-param-util-generated.h(4270): error C2955: 'std::tuple' : use of class template requires template argument list
                 c:\program files (x86)\microsoft visual studio 11.0\vc\include\utility(73) : see declaration of 'std::tuple'
     1>c:\school work\c++\csc190christianlang\gameskeleton\gameskeleton\gamesolution\gtest\gtest\internal\gtest-param-util-generated.h(4275): error C3203: 'tuple' : unspecialized class template can't be used as a template argument for template parameter 'T', expected a real type
     1>c:\school work\c++\csc190christianlang\gameskeleton\gameskeleton\gamesolution\gtest\gtest\internal\gtest-param-util-generated.h(4275): error C2955: 'std::tuple' : use of class template requires template argument list
                 c:\program files (x86)\microsoft visual studio 11.0\vc\include\utility(73) : see declaration of 'std::tuple'
     1>c:\school work\c++\csc190christianlang\gameskeleton\gameskeleton\gamesolution\gtest\gtest\internal\gtest-param-util-generated.h(4282): error C3203: 'tuple' : unspecialized class template can't be used as a template argument for template parameter 'T', expected a real type
                 c:\school work\c++\csc190christianlang\gameskeleton\gameskeleton\gamesolution\gtest\gtest\internal\gtest-param-util-generated.h(4282) : see reference to class template instantiation 'testing::internal::CartesianProductGenerator10<T1,T2,T3,T4,T5,T6,T7,T8,T9,T10>::Iterator' being compiled
     1>c:\school work\c++\csc190christianlang\gameskeleton\gameskeleton\gamesolution\gtest\gtest\internal\gtest-param-util-generated.h(4282): error C2955: 'std::tuple' : use of class template requires template argument list
                 c:\program files (x86)\microsoft visual studio 11.0\vc\include\utility(73) : see declaration of 'std::tuple'
     1>c:\school work\c++\csc190christianlang\gameskeleton\gameskeleton\gamesolution\gtest\gtest\internal\gtest-param-util-generated.h(4282): error C2955: 'testing::internal::ParamIteratorInterface' : use of class template requires template argument list
                 c:\school work\c++\csc190christianlang\gameskeleton\gameskeleton\gamesolution\gtest\gtest\internal\gtest-param-util.h(69) : see declaration of 'testing::internal::ParamIteratorInterface'
     1>c:\school work\c++\csc190christianlang\gameskeleton\gameskeleton\gamesolution\gtest\gtest\internal\gtest-param-util-generated.h(4284): error C3203: 'tuple' : unspecialized class template can't be used as a template argument for template parameter 'T', expected a real type
     1>c:\school work\c++\csc190christianlang\gameskeleton\gameskeleton\gamesolution\gtest\gtest\internal\gtest-param-util-generated.h(4284): error C2955: 'std::tuple' : use of class template requires template argument list
                 c:\program files (x86)\microsoft visual studio 11.0\vc\include\utility(73) : see declaration of 'std::tuple'
                 c:\program files (x86)\microsoft visual studio 11.0\vc\include\utility(73) : see declaration of 'std::tuple'
     1>c:\school work\c++\csc190christianlang\gameskeleton\gameskeleton\gamesolution\gtest\gtest\internal\gtest-param-util-generated.h(4320): error C3203: 'tuple' : unspecialized class template can't be used as a template argument for template parameter 'T', expected a real type
     1>c:\school work\c++\csc190christianlang\gameskeleton\gameskeleton\gamesolution\gtest\gtest\internal\gtest-param-util-generated.h(4320): error C2955: 'std::tuple' : use of class template requires template argument list
                 c:\program files (x86)\microsoft visual studio 11.0\vc\include\utility(73) : see declaration of 'std::tuple'
     1>c:\school work\c++\csc190christianlang\gameskeleton\gameskeleton\gamesolution\gtest\gtest\internal\gtest-param-util-generated.h(4366): error C3203: 'tuple' : unspecialized class template can't be used as a template argument for template parameter 'T', expected a real type
     1>c:\school work\c++\csc190christianlang\gameskeleton\gameskeleton\gamesolution\gtest\gtest\internal\gtest-param-util-generated.h(4366): error C2955: 'std::tuple' : use of class template requires template argument list
                 c:\program files (x86)\microsoft visual studio 11.0\vc\include\utility(73) : see declaration of 'std::tuple'
     1>c:\school work\c++\csc190christianlang\gameskeleton\gameskeleton\gamesolution\gtest\gtest\internal\gtest-param-util-generated.h(4370): error C3203: 'tuple' : unspecialized class template can't be used as a template argument for template parameter 'T', expected a real type
     1>c:\school work\c++\csc190christianlang\gameskeleton\gameskeleton\gamesolution\gtest\gtest\internal\gtest-param-util-generated.h(4370): error C2955: 'std::tuple' : use of class template requires template argument list
                 c:\program files (x86)\microsoft visual studio 11.0\vc\include\utility(73) : see declaration of 'std::tuple'
     1>c:\school work\c++\csc190christianlang\gameskeleton\gameskeleton\gamesolution\gtest\gtest\internal\gtest-param-util-generated.h(4456): error C3203: 'tuple' : unspecialized class template can't be used as a template argument for template parameter 'T', expected a real type
     1>c:\school work\c++\csc190christianlang\gameskeleton\gameskeleton\gamesolution\gtest\gtest\internal\gtest-param-util-generated.h(4456): error C2955: 'std::tuple' : use of class template requires template argument list
                 c:\program files (x86)\microsoft visual studio 11.0\vc\include\utility(73) : see declaration of 'std::tuple'
     1>c:\school work\c++\csc190christianlang\gameskeleton\gameskeleton\gamesolution\gtest\gtest\internal\gtest-param-util-generated.h(4738): error C2977: 'std::tuple' : too many template arguments
                 c:\program files (x86)\microsoft visual studio 11.0\vc\include\utility(73) : see declaration of 'std::tuple'
                 c:\school work\c++\csc190christianlang\gameskeleton\gameskeleton\gamesolution\gtest\gtest\internal\gtest-param-util-generated.h(4766) : see reference to class template instantiation 'testing::internal::CartesianProductHolder9<Generator1,Generator2,Generator3,Generator4,Generator5,Generator6,Generator7,Generator8,Generator9>' being compiled
     1>c:\school work\c++\csc190christianlang\gameskeleton\gameskeleton\gamesolution\gtest\gtest\internal\gtest-param-util-generated.h(4738): error C3203: 'tuple' : unspecialized class template can't be used as a template argument for template parameter 'T', expected a real type
     1>c:\school work\c++\csc190christianlang\gameskeleton\gameskeleton\gamesolution\gtest\gtest\internal\gtest-param-util-generated.h(4738): error C2955: 'std::tuple' : use of class template requires template argument list
                 c:\program files (x86)\microsoft visual studio 11.0\vc\include\utility(73) : see declaration of 'std::tuple'
     1>c:\school work\c++\csc190christianlang\gameskeleton\gameskeleton\gamesolution\gtest\gtest\internal\gtest-param-util-generated.h(4782): error C2977: 'std::tuple' : too many template arguments
                 c:\program files (x86)\microsoft visual studio 11.0\vc\include\utility(73) : see declaration of 'std::tuple'
                 c:\school work\c++\csc190christianlang\gameskeleton\gameskeleton\gamesolution\gtest\gtest\internal\gtest-param-util-generated.h(4813) : see reference to class template instantiation 'testing::internal::CartesianProductHolder10<Generator1,Generator2,Generator3,Generator4,Generator5,Generator6,Generator7,Generator8,Generator9,Generator10>' being compiled
     1>c:\school work\c++\csc190christianlang\gameskeleton\gameskeleton\gamesolution\gtest\gtest\internal\gtest-param-util-generated.h(4782): error C3203: 'tuple' : unspecialized class template can't be used as a template argument for template parameter 'T', expected a real type
     1>c:\school work\c++\csc190christianlang\gameskeleton\gameskeleton\gamesolution\gtest\gtest\internal\gtest-param-util-generated.h(4782): error C2955: 'std::tuple' : use of class template requires template argument list
                 c:\program files (x86)\microsoft visual studio 11.0\vc\include\utility(73) : see declaration of 'std::tuple'
         SampleTest.cpp
     1>c:\school work\c++\csc190christianlang\gameskeleton\gameskeleton\gamesolution\gtest\gtest\gtest-printers.h(550): error C2977: 'std::tuple' : too many template arguments
                 c:\program files (x86)\microsoft visual studio 11.0\vc\include\utility(73) : see declaration of 'std::tuple'
     1>c:\school work\c++\csc190christianlang\gameskeleton\gameskeleton\gamesolution\gtest\gtest\gtest-printers.h(558): error C2977: 'std::tuple' : too many template arguments
                 c:\program files (x86)\microsoft visual studio 11.0\vc\include\utility(73) : see declaration of 'std::tuple'
     1>c:\school work\c++\csc190christianlang\gameskeleton\gameskeleton\gamesolution\gtest\gtest\internal\gtest-param-util-generated.h(4017): error C2977: 'std::tuple' : too many template arguments
                 c:\program files (x86)\microsoft visual studio 11.0\vc\include\utility(73) : see declaration of 'std::tuple'
                 c:\school work\c++\csc190christianlang\gameskeleton\gameskeleton\gamesolution\gtest\gtest\internal\gtest-param-util-generated.h(4249) : see reference to class template instantiation 'testing::internal::CartesianProductGenerator9<T1,T2,T3,T4,T5,T6,T7,T8,T9>' being compiled
     1>c:\school work\c++\csc190christianlang\gameskeleton\gameskeleton\gamesolution\gtest\gtest\internal\gtest-param-util-generated.h(4017): error C3203: 'tuple' : unspecialized class template can't be used as a template argument for template parameter 'T', expected a real type
     1>c:\school work\c++\csc190christianlang\gameskeleton\gameskeleton\gamesolution\gtest\gtest\internal\gtest-param-util-generated.h(4017): error C2955: 'std::tuple' : use of class template requires template argument list
                 c:\program files (x86)\microsoft visual studio 11.0\vc\include\utility(73) : see declaration of 'std::tuple'
     1>c:\school work\c++\csc190christianlang\gameskeleton\gameskeleton\gamesolution\gtest\gtest\internal\gtest-param-util-generated.h(4017): error C2955: 'testing::internal::ParamGeneratorInterface' : use of class template requires template argument list
                 c:\school work\c++\csc190christianlang\gameskeleton\gameskeleton\gamesolution\gtest\gtest\internal\gtest-param-util.h(142) : see declaration of 'testing::internal::ParamGeneratorInterface'
     1>c:\school work\c++\csc190christianlang\gameskeleton\gameskeleton\gamesolution\gtest\gtest\internal\gtest-param-util-generated.h(4019): error C2977: 'std::tuple' : too many template arguments
                 c:\program files (x86)\microsoft visual studio 11.0\vc\include\utility(73) : see declaration of 'std::tuple'
     1>c:\school work\c++\csc190christianlang\gameskeleton\gameskeleton\gamesolution\gtest\gtest\internal\gtest-param-util-generated.h(4030): error C3203: 'tuple' : unspecialized class template can't be used as a template argument for template parameter 'T', expected a real type
     1>c:\school work\c++\csc190christianlang\gameskeleton\gameskeleton\gamesolution\gtest\gtest\internal\gtest-param-util-generated.h(4030): error C2955: 'std::tuple' : use of class template requires template argument list
                 c:\program files (x86)\microsoft visual studio 11.0\vc\include\utility(73) : see declaration of 'std::tuple'
     1>c:\school work\c++\csc190christianlang\gameskeleton\gameskeleton\gamesolution\gtest\gtest\internal\gtest-param-util-generated.h(4035): error C3203: 'tuple' : unspecialized class template can't be used as a template argument for template parameter 'T', expected a real type
     1>c:\school work\c++\csc190christianlang\gameskeleton\gameskeleton\gamesolution\gtest\gtest\internal\gtest-param-util-generated.h(4035): error C2955: 'std::tuple' : use of class template requires template argument list
                 c:\program files (x86)\microsoft visual studio 11.0\vc\include\utility(73) : see declaration of 'std::tuple'
     1>c:\school work\c++\csc190christianlang\gameskeleton\gameskeleton\gamesolution\gtest\gtest\internal\gtest-param-util-generated.h(4042): error C3203: 'tuple' : unspecialized class template can't be used as a template argument for template parameter 'T', expected a real type
                 c:\school work\c++\csc190christianlang\gameskeleton\gameskeleton\gamesolution\gtest\gtest\internal\gtest-param-util-generated.h(4042) : see reference to class template instantiation 'testing::internal::CartesianProductGenerator9<T1,T2,T3,T4,T5,T6,T7,T8,T9>::Iterator' being compiled
     1>c:\school work\c++\csc190christianlang\gameskeleton\gameskeleton\gamesolution\gtest\gtest\internal\gtest-param-util-generated.h(4042): error C2955: 'std::tuple' : use of class template requires template argument list
                 c:\program files (x86)\microsoft visual studio 11.0\vc\include\utility(73) : see declaration of 'std::tuple'
     1>c:\school work\c++\csc190christianlang\gameskeleton\gameskeleton\gamesolution\gtest\gtest\internal\gtest-param-util-generated.h(4042): error C2955: 'testing::internal::ParamIteratorInterface' : use of class template requires template argument list
                 c:\school work\c++\csc190christianlang\gameskeleton\gameskeleton\gamesolution\gtest\gtest\internal\gtest-param-util.h(69) : see declaration of 'testing::internal::ParamIteratorInterface'
     1>c:\school work\c++\csc190christianlang\gameskeleton\gameskeleton\gamesolution\gtest\gtest\internal\gtest-param-util-generated.h(4044): error C3203: 'tuple' : unspecialized class template can't be used as a template argument for template parameter 'T', expected a real type
     1>c:\school work\c++\csc190christianlang\gameskeleton\gameskeleton\gamesolution\gtest\gtest\internal\gtest-param-util-generated.h(4044): error C2955: 'std::tuple' : use of class template requires template argument list
                 c:\program files (x86)\microsoft visual studio 11.0\vc\include\utility(73) : see declaration of 'std::tuple'
                 c:\program files (x86)\microsoft visual studio 11.0\vc\include\utility(73) : see declaration of 'std::tuple'
     1>c:\school work\c++\csc190christianlang\gameskeleton\gameskeleton\gamesolution\gtest\gtest\internal\gtest-param-util-generated.h(4077): error C3203: 'tuple' : unspecialized class template can't be used as a template argument for template parameter 'T', expected a real type
     1>c:\school work\c++\csc190christianlang\gameskeleton\gameskeleton\gamesolution\gtest\gtest\internal\gtest-param-util-generated.h(4077): error C2955: 'std::tuple' : use of class template requires template argument list
                 c:\program files (x86)\microsoft visual studio 11.0\vc\include\utility(73) : see declaration of 'std::tuple'
     1>c:\school work\c++\csc190christianlang\gameskeleton\gameskeleton\gamesolution\gtest\gtest\internal\gtest-param-util-generated.h(4119): error C3203: 'tuple' : unspecialized class template can't be used as a template argument for template parameter 'T', expected a real type
     1>c:\school work\c++\csc190christianlang\gameskeleton\gameskeleton\gamesolution\gtest\gtest\internal\gtest-param-util-generated.h(4119): error C2955: 'std::tuple' : use of class template requires template argument list
                 c:\program files (x86)\microsoft visual studio 11.0\vc\include\utility(73) : see declaration of 'std::tuple'
     1>c:\school work\c++\csc190christianlang\gameskeleton\gameskeleton\gamesolution\gtest\gtest\internal\gtest-param-util-generated.h(4123): error C3203: 'tuple' : unspecialized class template can't be used as a template argument for template parameter 'T', expected a real type
     1>c:\school work\c++\csc190christianlang\gameskeleton\gameskeleton\gamesolution\gtest\gtest\internal\gtest-param-util-generated.h(4123): error C2955: 'std::tuple' : use of class template requires template argument list
                 c:\program files (x86)\microsoft visual studio 11.0\vc\include\utility(73) : see declaration of 'std::tuple'
     1>c:\school work\c++\csc190christianlang\gameskeleton\gameskeleton\gamesolution\gtest\gtest\internal\gtest-param-util-generated.h(4204): error C3203: 'tuple' : unspecialized class template can't be used as a template argument for template parameter 'T', expected a real type
     1>c:\school work\c++\csc190christianlang\gameskeleton\gameskeleton\gamesolution\gtest\gtest\internal\gtest-param-util-generated.h(4204): error C2955: 'std::tuple' : use of class template requires template argument list
                 c:\program files (x86)\microsoft visual studio 11.0\vc\include\utility(73) : see declaration of 'std::tuple'
     1>c:\school work\c++\csc190christianlang\gameskeleton\gameskeleton\gamesolution\gtest\gtest\internal\gtest-param-util-generated.h(4256): error C2977: 'std::tuple' : too many template arguments
                 c:\program files (x86)\microsoft visual studio 11.0\vc\include\utility(73) : see declaration of 'std::tuple'
                 c:\school work\c++\csc190christianlang\gameskeleton\gameskeleton\gamesolution\gtest\gtest\internal\gtest-param-util-generated.h(4505) : see reference to class template instantiation 'testing::internal::CartesianProductGenerator10<T1,T2,T3,T4,T5,T6,T7,T8,T9,T10>' being compiled
     1>c:\school work\c++\csc190christianlang\gameskeleton\gameskeleton\gamesolution\gtest\gtest\internal\gtest-param-util-generated.h(4256): error C3203: 'tuple' : unspecialized class template can't be used as a template argument for template parameter 'T', expected a real type
     1>c:\school work\c++\csc190christianlang\gameskeleton\gameskeleton\gamesolution\gtest\gtest\internal\gtest-param-util-generated.h(4256): error C2955: 'std::tuple' : use of class template requires template argument list
                 c:\program files (x86)\microsoft visual studio 11.0\vc\include\utility(73) : see declaration of 'std::tuple'
     1>c:\school work\c++\csc190christianlang\gameskeleton\gameskeleton\gamesolution\gtest\gtest\internal\gtest-param-util-generated.h(4256): error C2955: 'testing::internal::ParamGeneratorInterface' : use of class template requires template argument list
                 c:\school work\c++\csc190christianlang\gameskeleton\gameskeleton\gamesolution\gtest\gtest\internal\gtest-param-util.h(142) : see declaration of 'testing::internal::ParamGeneratorInterface'
     1>c:\school work\c++\csc190christianlang\gameskeleton\gameskeleton\gamesolution\gtest\gtest\internal\gtest-param-util-generated.h(4258): error C2977: 'std::tuple' : too many template arguments
                 c:\program files (x86)\microsoft visual studio 11.0\vc\include\utility(73) : see declaration of 'std::tuple'
     1>c:\school work\c++\csc190christianlang\gameskeleton\gameskeleton\gamesolution\gtest\gtest\internal\gtest-param-util-generated.h(4270): error C3203: 'tuple' : unspecialized class template can't be used as a template argument for template parameter 'T', expected a real type
     1>c:\school work\c++\csc190christianlang\gameskeleton\gameskeleton\gamesolution\gtest\gtest\internal\gtest-param-util-generated.h(4270): error C2955: 'std::tuple' : use of class template requires template argument list
                 c:\program files (x86)\microsoft visual studio 11.0\vc\include\utility(73) : see declaration of 'std::tuple'
     1>c:\school work\c++\csc190christianlang\gameskeleton\gameskeleton\gamesolution\gtest\gtest\internal\gtest-param-util-generated.h(4275): error C3203: 'tuple' : unspecialized class template can't be used as a template argument for template parameter 'T', expected a real type
     1>c:\school work\c++\csc190christianlang\gameskeleton\gameskeleton\gamesolution\gtest\gtest\internal\gtest-param-util-generated.h(4275): error C2955: 'std::tuple' : use of class template requires template argument list
                 c:\program files (x86)\microsoft visual studio 11.0\vc\include\utility(73) : see declaration of 'std::tuple'
     1>c:\school work\c++\csc190christianlang\gameskeleton\gameskeleton\gamesolution\gtest\gtest\internal\gtest-param-util-generated.h(4282): error C3203: 'tuple' : unspecialized class template can't be used as a template argument for template parameter 'T', expected a real type
                 c:\school work\c++\csc190christianlang\gameskeleton\gameskeleton\gamesolution\gtest\gtest\internal\gtest-param-util-generated.h(4282) : see reference to class template instantiation 'testing::internal::CartesianProductGenerator10<T1,T2,T3,T4,T5,T6,T7,T8,T9,T10>::Iterator' being compiled
     1>c:\school work\c++\csc190christianlang\gameskeleton\gameskeleton\gamesolution\gtest\gtest\internal\gtest-param-util-generated.h(4282): error C2955: 'std::tuple' : use of class template requires template argument list
                 c:\program files (x86)\microsoft visual studio 11.0\vc\include\utility(73) : see declaration of 'std::tuple'
     1>c:\school work\c++\csc190christianlang\gameskeleton\gameskeleton\gamesolution\gtest\gtest\internal\gtest-param-util-generated.h(4282): error C2955: 'testing::internal::ParamIteratorInterface' : use of class template requires template argument list
                 c:\school work\c++\csc190christianlang\gameskeleton\gameskeleton\gamesolution\gtest\gtest\internal\gtest-param-util.h(69) : see declaration of 'testing::internal::ParamIteratorInterface'
     1>c:\school work\c++\csc190christianlang\gameskeleton\gameskeleton\gamesolution\gtest\gtest\internal\gtest-param-util-generated.h(4284): error C3203: 'tuple' : unspecialized class template can't be used as a template argument for template parameter 'T', expected a real type
     1>c:\school work\c++\csc190christianlang\gameskeleton\gameskeleton\gamesolution\gtest\gtest\internal\gtest-param-util-generated.h(4284): error C2955: 'std::tuple' : use of class template requires template argument list
                 c:\program files (x86)\microsoft visual studio 11.0\vc\include\utility(73) : see declaration of 'std::tuple'
                 c:\program files (x86)\microsoft visual studio 11.0\vc\include\utility(73) : see declaration of 'std::tuple'
     1>c:\school work\c++\csc190christianlang\gameskeleton\gameskeleton\gamesolution\gtest\gtest\internal\gtest-param-util-generated.h(4320): error C3203: 'tuple' : unspecialized class template can't be used as a template argument for template parameter 'T', expected a real type
     1>c:\school work\c++\csc190christianlang\gameskeleton\gameskeleton\gamesolution\gtest\gtest\internal\gtest-param-util-generated.h(4320): error C2955: 'std::tuple' : use of class template requires template argument list
                 c:\program files (x86)\microsoft visual studio 11.0\vc\include\utility(73) : see declaration of 'std::tuple'
     1>c:\school work\c++\csc190christianlang\gameskeleton\gameskeleton\gamesolution\gtest\gtest\internal\gtest-param-util-generated.h(4366): error C3203: 'tuple' : unspecialized class template can't be used as a template argument for template parameter 'T', expected a real type
     1>c:\school work\c++\csc190christianlang\gameskeleton\gameskeleton\gamesolution\gtest\gtest\internal\gtest-param-util-generated.h(4366): error C2955: 'std::tuple' : use of class template requires template argument list
                 c:\program files (x86)\microsoft visual studio 11.0\vc\include\utility(73) : see declaration of 'std::tuple'
     1>c:\school work\c++\csc190christianlang\gameskeleton\gameskeleton\gamesolution\gtest\gtest\internal\gtest-param-util-generated.h(4370): error C3203: 'tuple' : unspecialized class template can't be used as a template argument for template parameter 'T', expected a real type
     1>c:\school work\c++\csc190christianlang\gameskeleton\gameskeleton\gamesolution\gtest\gtest\internal\gtest-param-util-generated.h(4370): error C2955: 'std::tuple' : use of class template requires template argument list
                 c:\program files (x86)\microsoft visual studio 11.0\vc\include\utility(73) : see declaration of 'std::tuple'
     1>c:\school work\c++\csc190christianlang\gameskeleton\gameskeleton\gamesolution\gtest\gtest\internal\gtest-param-util-generated.h(4456): error C3203: 'tuple' : unspecialized class template can't be used as a template argument for template parameter 'T', expected a real type
     1>c:\school work\c++\csc190christianlang\gameskeleton\gameskeleton\gamesolution\gtest\gtest\internal\gtest-param-util-generated.h(4456): error C2955: 'std::tuple' : use of class template requires template argument list
                 c:\program files (x86)\microsoft visual studio 11.0\vc\include\utility(73) : see declaration of 'std::tuple'
     1>c:\school work\c++\csc190christianlang\gameskeleton\gameskeleton\gamesolution\gtest\gtest\internal\gtest-param-util-generated.h(4738): error C2977: 'std::tuple' : too many template arguments
                 c:\program files (x86)\microsoft visual studio 11.0\vc\include\utility(73) : see declaration of 'std::tuple'
                 c:\school work\c++\csc190christianlang\gameskeleton\gameskeleton\gamesolution\gtest\gtest\internal\gtest-param-util-generated.h(4766) : see reference to class template instantiation 'testing::internal::CartesianProductHolder9<Generator1,Generator2,Generator3,Generator4,Generator5,Generator6,Generator7,Generator8,Generator9>' being compiled
     1>c:\school work\c++\csc190christianlang\gameskeleton\gameskeleton\gamesolution\gtest\gtest\internal\gtest-param-util-generated.h(4738): error C3203: 'tuple' : unspecialized class template can't be used as a template argument for template parameter 'T', expected a real type
     1>c:\school work\c++\csc190christianlang\gameskeleton\gameskeleton\gamesolution\gtest\gtest\internal\gtest-param-util-generated.h(4738): error C2955: 'std::tuple' : use of class template requires template argument list
                 c:\program files (x86)\microsoft visual studio 11.0\vc\include\utility(73) : see declaration of 'std::tuple'
     1>c:\school work\c++\csc190christianlang\gameskeleton\gameskeleton\gamesolution\gtest\gtest\internal\gtest-param-util-generated.h(4782): error C2977: 'std::tuple' : too many template arguments
                 c:\program files (x86)\microsoft visual studio 11.0\vc\include\utility(73) : see declaration of 'std::tuple'
                 c:\school work\c++\csc190christianlang\gameskeleton\gameskeleton\gamesolution\gtest\gtest\internal\gtest-param-util-generated.h(4813) : see reference to class template instantiation 'testing::internal::CartesianProductHolder10<Generator1,Generator2,Generator3,Generator4,Generator5,Generator6,Generator7,Generator8,Generator9,Generator10>' being compiled
     1>c:\school work\c++\csc190christianlang\gameskeleton\gameskeleton\gamesolution\gtest\gtest\internal\gtest-param-util-generated.h(4782): error C3203: 'tuple' : unspecialized class template can't be used as a template argument for template parameter 'T', expected a real type
     1>c:\school work\c++\csc190christianlang\gameskeleton\gameskeleton\gamesolution\gtest\gtest\internal\gtest-param-util-generated.h(4782): error C2955: 'std::tuple' : use of class template requires template argument list
                 c:\program files (x86)\microsoft visual studio 11.0\vc\include\utility(73) : see declaration of 'std::tuple'
         gtest-all.cc
     1>c:\school work\c++\csc190christianlang\gameskeleton\gameskeleton\gamesolution\gtest\gtest\gtest-printers.h(550): error C2977: 'std::tuple' : too many template arguments
                 c:\program files (x86)\microsoft visual studio 11.0\vc\include\utility(73) : see declaration of 'std::tuple'
     1>c:\school work\c++\csc190christianlang\gameskeleton\gameskeleton\gamesolution\gtest\gtest\gtest-printers.h(558): error C2977: 'std::tuple' : too many template arguments
                 c:\program files (x86)\microsoft visual studio 11.0\vc\include\utility(73) : see declaration of 'std::tuple'
     1>c:\school work\c++\csc190christianlang\gameskeleton\gameskeleton\gamesolution\gtest\gtest\internal\gtest-param-util-generated.h(4017): error C2977: 'std::tuple' : too many template arguments
                 c:\program files (x86)\microsoft visual studio 11.0\vc\include\utility(73) : see declaration of 'std::tuple'
                 c:\school work\c++\csc190christianlang\gameskeleton\gameskeleton\gamesolution\gtest\gtest\internal\gtest-param-util-generated.h(4249) : see reference to class template instantiation 'testing::internal::CartesianProductGenerator9<T1,T2,T3,T4,T5,T6,T7,T8,T9>' being compiled
     1>c:\school work\c++\csc190christianlang\gameskeleton\gameskeleton\gamesolution\gtest\gtest\internal\gtest-param-util-generated.h(4017): error C3203: 'tuple' : unspecialized class template can't be used as a template argument for template parameter 'T', expected a real type
     1>c:\school work\c++\csc190christianlang\gameskeleton\gameskeleton\gamesolution\gtest\gtest\internal\gtest-param-util-generated.h(4017): error C2955: 'std::tuple' : use of class template requires template argument list
                 c:\program files (x86)\microsoft visual studio 11.0\vc\include\utility(73) : see declaration of 'std::tuple'
     1>c:\school work\c++\csc190christianlang\gameskeleton\gameskeleton\gamesolution\gtest\gtest\internal\gtest-param-util-generated.h(4017): error C2955: 'testing::internal::ParamGeneratorInterface' : use of class template requires template argument list
                 c:\school work\c++\csc190christianlang\gameskeleton\gameskeleton\gamesolution\gtest\gtest\internal\gtest-param-util.h(142) : see declaration of 'testing::internal::ParamGeneratorInterface'
     1>c:\school work\c++\csc190christianlang\gameskeleton\gameskeleton\gamesolution\gtest\gtest\internal\gtest-param-util-generated.h(4019): error C2977: 'std::tuple' : too many template arguments
                 c:\program files (x86)\microsoft visual studio 11.0\vc\include\utility(73) : see declaration of 'std::tuple'
     1>c:\school work\c++\csc190christianlang\gameskeleton\gameskeleton\gamesolution\gtest\gtest\internal\gtest-param-util-generated.h(4030): error C3203: 'tuple' : unspecialized class template can't be used as a template argument for template parameter 'T', expected a real type
     1>c:\school work\c++\csc190christianlang\gameskeleton\gameskeleton\gamesolution\gtest\gtest\internal\gtest-param-util-generated.h(4030): error C2955: 'std::tuple' : use of class template requires template argument list
                 c:\program files (x86)\microsoft visual studio 11.0\vc\include\utility(73) : see declaration of 'std::tuple'
     1>c:\school work\c++\csc190christianlang\gameskeleton\gameskeleton\gamesolution\gtest\gtest\internal\gtest-param-util-generated.h(4035): error C3203: 'tuple' : unspecialized class template can't be used as a template argument for template parameter 'T', expected a real type
     1>c:\school work\c++\csc190christianlang\gameskeleton\gameskeleton\gamesolution\gtest\gtest\internal\gtest-param-util-generated.h(4035): error C2955: 'std::tuple' : use of class template requires template argument list
                 c:\program files (x86)\microsoft visual studio 11.0\vc\include\utility(73) : see declaration of 'std::tuple'
     1>c:\school work\c++\csc190christianlang\gameskeleton\gameskeleton\gamesolution\gtest\gtest\internal\gtest-param-util-generated.h(4042): error C3203: 'tuple' : unspecialized class template can't be used as a template argument for template parameter 'T', expected a real type
                 c:\school work\c++\csc190christianlang\gameskeleton\gameskeleton\gamesolution\gtest\gtest\internal\gtest-param-util-generated.h(4042) : see reference to class template instantiation 'testing::internal::CartesianProductGenerator9<T1,T2,T3,T4,T5,T6,T7,T8,T9>::Iterator' being compiled
     1>c:\school work\c++\csc190christianlang\gameskeleton\gameskeleton\gamesolution\gtest\gtest\internal\gtest-param-util-generated.h(4042): error C2955: 'std::tuple' : use of class template requires template argument list
                 c:\program files (x86)\microsoft visual studio 11.0\vc\include\utility(73) : see declaration of 'std::tuple'
     1>c:\school work\c++\csc190christianlang\gameskeleton\gameskeleton\gamesolution\gtest\gtest\internal\gtest-param-util-generated.h(4042): error C2955: 'testing::internal::ParamIteratorInterface' : use of class template requires template argument list
                 c:\school work\c++\csc190christianlang\gameskeleton\gameskeleton\gamesolution\gtest\gtest\internal\gtest-param-util.h(69) : see declaration of 'testing::internal::ParamIteratorInterface'
     1>c:\school work\c++\csc190christianlang\gameskeleton\gameskeleton\gamesolution\gtest\gtest\internal\gtest-param-util-generated.h(4044): error C3203: 'tuple' : unspecialized class template can't be used as a template argument for template parameter 'T', expected a real type
     1>c:\school work\c++\csc190christianlang\gameskeleton\gameskeleton\gamesolution\gtest\gtest\internal\gtest-param-util-generated.h(4044): error C2955: 'std::tuple' : use of class template requires template argument list
                 c:\program files (x86)\microsoft visual studio 11.0\vc\include\utility(73) : see declaration of 'std::tuple'
                 c:\program files (x86)\microsoft visual studio 11.0\vc\include\utility(73) : see declaration of 'std::tuple'
     1>c:\school work\c++\csc190christianlang\gameskeleton\gameskeleton\gamesolution\gtest\gtest\internal\gtest-param-util-generated.h(4077): error C3203: 'tuple' : unspecialized class template can't be used as a template argument for template parameter 'T', expected a real type
     1>c:\school work\c++\csc190christianlang\gameskeleton\gameskeleton\gamesolution\gtest\gtest\internal\gtest-param-util-generated.h(4077): error C2955: 'std::tuple' : use of class template requires template argument list
                 c:\program files (x86)\microsoft visual studio 11.0\vc\include\utility(73) : see declaration of 'std::tuple'
     1>c:\school work\c++\csc190christianlang\gameskeleton\gameskeleton\gamesolution\gtest\gtest\internal\gtest-param-util-generated.h(4119): error C3203: 'tuple' : unspecialized class template can't be used as a template argument for template parameter 'T', expected a real type
     1>c:\school work\c++\csc190christianlang\gameskeleton\gameskeleton\gamesolution\gtest\gtest\internal\gtest-param-util-generated.h(4119): error C2955: 'std::tuple' : use of class template requires template argument list
                 c:\program files (x86)\microsoft visual studio 11.0\vc\include\utility(73) : see declaration of 'std::tuple'
     1>c:\school work\c++\csc190christianlang\gameskeleton\gameskeleton\gamesolution\gtest\gtest\internal\gtest-param-util-generated.h(4123): error C3203: 'tuple' : unspecialized class template can't be used as a template argument for template parameter 'T', expected a real type
     1>c:\school work\c++\csc190christianlang\gameskeleton\gameskeleton\gamesolution\gtest\gtest\internal\gtest-param-util-generated.h(4123): error C2955: 'std::tuple' : use of class template requires template argument list
                 c:\program files (x86)\microsoft visual studio 11.0\vc\include\utility(73) : see declaration of 'std::tuple'
     1>c:\school work\c++\csc190christianlang\gameskeleton\gameskeleton\gamesolution\gtest\gtest\internal\gtest-param-util-generated.h(4204): error C3203: 'tuple' : unspecialized class template can't be used as a template argument for template parameter 'T', expected a real type
     1>c:\school work\c++\csc190christianlang\gameskeleton\gameskeleton\gamesolution\gtest\gtest\internal\gtest-param-util-generated.h(4204): error C2955: 'std::tuple' : use of class template requires template argument list
                 c:\program files (x86)\microsoft visual studio 11.0\vc\include\utility(73) : see declaration of 'std::tuple'
     1>c:\school work\c++\csc190christianlang\gameskeleton\gameskeleton\gamesolution\gtest\gtest\internal\gtest-param-util-generated.h(4256): error C2977: 'std::tuple' : too many template arguments
                 c:\program files (x86)\microsoft visual studio 11.0\vc\include\utility(73) : see declaration of 'std::tuple'
                 c:\school work\c++\csc190christianlang\gameskeleton\gameskeleton\gamesolution\gtest\gtest\internal\gtest-param-util-generated.h(4505) : see reference to class template instantiation 'testing::internal::CartesianProductGenerator10<T1,T2,T3,T4,T5,T6,T7,T8,T9,T10>' being compiled
     1>c:\school work\c++\csc190christianlang\gameskeleton\gameskeleton\gamesolution\gtest\gtest\internal\gtest-param-util-generated.h(4256): error C3203: 'tuple' : unspecialized class template can't be used as a template argument for template parameter 'T', expected a real type
     1>c:\school work\c++\csc190christianlang\gameskeleton\gameskeleton\gamesolution\gtest\gtest\internal\gtest-param-util-generated.h(4256): error C2955: 'std::tuple' : use of class template requires template argument list
                 c:\program files (x86)\microsoft visual studio 11.0\vc\include\utility(73) : see declaration of 'std::tuple'
     1>c:\school work\c++\csc190christianlang\gameskeleton\gameskeleton\gamesolution\gtest\gtest\internal\gtest-param-util-generated.h(4256): error C2955: 'testing::internal::ParamGeneratorInterface' : use of class template requires template argument list
                 c:\school work\c++\csc190christianlang\gameskeleton\gameskeleton\gamesolution\gtest\gtest\internal\gtest-param-util.h(142) : see declaration of 'testing::internal::ParamGeneratorInterface'
     1>c:\school work\c++\csc190christianlang\gameskeleton\gameskeleton\gamesolution\gtest\gtest\internal\gtest-param-util-generated.h(4258): error C2977: 'std::tuple' : too many template arguments
                 c:\program files (x86)\microsoft visual studio 11.0\vc\include\utility(73) : see declaration of 'std::tuple'
     1>c:\school work\c++\csc190christianlang\gameskeleton\gameskeleton\gamesolution\gtest\gtest\internal\gtest-param-util-generated.h(4270): error C3203: 'tuple' : unspecialized class template can't be used as a template argument for template parameter 'T', expected a real type
     1>c:\school work\c++\csc190christianlang\gameskeleton\gameskeleton\gamesolution\gtest\gtest\internal\gtest-param-util-generated.h(4270): error C2955: 'std::tuple' : use of class template requires template argument list
                 c:\program files (x86)\microsoft visual studio 11.0\vc\include\utility(73) : see declaration of 'std::tuple'
     1>c:\school work\c++\csc190christianlang\gameskeleton\gameskeleton\gamesolution\gtest\gtest\internal\gtest-param-util-generated.h(4275): error C3203: 'tuple' : unspecialized class template can't be used as a template argument for template parameter 'T', expected a real type
     1>c:\school work\c++\csc190christianlang\gameskeleton\gameskeleton\gamesolution\gtest\gtest\internal\gtest-param-util-generated.h(4275): error C2955: 'std::tuple' : use of class template requires template argument list
                 c:\program files (x86)\microsoft visual studio 11.0\vc\include\utility(73) : see declaration of 'std::tuple'
     1>c:\school work\c++\csc190christianlang\gameskeleton\gameskeleton\gamesolution\gtest\gtest\internal\gtest-param-util-generated.h(4282): error C3203: 'tuple' : unspecialized class template can't be used as a template argument for template parameter 'T', expected a real type
                 c:\school work\c++\csc190christianlang\gameskeleton\gameskeleton\gamesolution\gtest\gtest\internal\gtest-param-util-generated.h(4282) : see reference to class template instantiation 'testing::internal::CartesianProductGenerator10<T1,T2,T3,T4,T5,T6,T7,T8,T9,T10>::Iterator' being compiled
     1>c:\school work\c++\csc190christianlang\gameskeleton\gameskeleton\gamesolution\gtest\gtest\internal\gtest-param-util-generated.h(4282): error C2955: 'std::tuple' : use of class template requires template argument list
                 c:\program files (x86)\microsoft visual studio 11.0\vc\include\utility(73) : see declaration of 'std::tuple'
     1>c:\school work\c++\csc190christianlang\gameskeleton\gameskeleton\gamesolution\gtest\gtest\internal\gtest-param-util-generated.h(4282): error C2955: 'testing::internal::ParamIteratorInterface' : use of class template requires template argument list
                 c:\school work\c++\csc190christianlang\gameskeleton\gameskeleton\gamesolution\gtest\gtest\internal\gtest-param-util.h(69) : see declaration of 'testing::internal::ParamIteratorInterface'
     1>c:\school work\c++\csc190christianlang\gameskeleton\gameskeleton\gamesolution\gtest\gtest\internal\gtest-param-util-generated.h(4284): error C3203: 'tuple' : unspecialized class template can't be used as a template argument for template parameter 'T', expected a real type
     1>c:\school work\c++\csc190christianlang\gameskeleton\gameskeleton\gamesolution\gtest\gtest\internal\gtest-param-util-generated.h(4284): error C2955: 'std::tuple' : use of class template requires template argument list
                 c:\program files (x86)\microsoft visual studio 11.0\vc\include\utility(73) : see declaration of 'std::tuple'
                 c:\program files (x86)\microsoft visual studio 11.0\vc\include\utility(73) : see declaration of 'std::tuple'
     1>c:\school work\c++\csc190christianlang\gameskeleton\gameskeleton\gamesolution\gtest\gtest\internal\gtest-param-util-generated.h(4320): error C3203: 'tuple' : unspecialized class template can't be used as a template argument for template parameter 'T', expected a real type
     1>c:\school work\c++\csc190christianlang\gameskeleton\gameskeleton\gamesolution\gtest\gtest\internal\gtest-param-util-generated.h(4320): error C2955: 'std::tuple' : use of class template requires template argument list
                 c:\program files (x86)\microsoft visual studio 11.0\vc\include\utility(73) : see declaration of 'std::tuple'
     1>c:\school work\c++\csc190christianlang\gameskeleton\gameskeleton\gamesolution\gtest\gtest\internal\gtest-param-util-generated.h(4366): error C3203: 'tuple' : unspecialized class template can't be used as a template argument for template parameter 'T', expected a real type
     1>c:\school work\c++\csc190christianlang\gameskeleton\gameskeleton\gamesolution\gtest\gtest\internal\gtest-param-util-generated.h(4366): error C2955: 'std::tuple' : use of class template requires template argument list
                 c:\program files (x86)\microsoft visual studio 11.0\vc\include\utility(73) : see declaration of 'std::tuple'
     1>c:\school work\c++\csc190christianlang\gameskeleton\gameskeleton\gamesolution\gtest\gtest\internal\gtest-param-util-generated.h(4370): error C3203: 'tuple' : unspecialized class template can't be used as a template argument for template parameter 'T', expected a real type
     1>c:\school work\c++\csc190christianlang\gameskeleton\gameskeleton\gamesolution\gtest\gtest\internal\gtest-param-util-generated.h(4370): error C2955: 'std::tuple' : use of class template requires template argument list
                 c:\program files (x86)\microsoft visual studio 11.0\vc\include\utility(73) : see declaration of 'std::tuple'
     1>c:\school work\c++\csc190christianlang\gameskeleton\gameskeleton\gamesolution\gtest\gtest\internal\gtest-param-util-generated.h(4456): error C3203: 'tuple' : unspecialized class template can't be used as a template argument for template parameter 'T', expected a real type
     1>c:\school work\c++\csc190christianlang\gameskeleton\gameskeleton\gamesolution\gtest\gtest\internal\gtest-param-util-generated.h(4456): error C2955: 'std::tuple' : use of class template requires template argument list
                 c:\program files (x86)\microsoft visual studio 11.0\vc\include\utility(73) : see declaration of 'std::tuple'
     1>c:\school work\c++\csc190christianlang\gameskeleton\gameskeleton\gamesolution\gtest\gtest\internal\gtest-param-util-generated.h(4738): error C2977: 'std::tuple' : too many template arguments
                 c:\program files (x86)\microsoft visual studio 11.0\vc\include\utility(73) : see declaration of 'std::tuple'
                 c:\school work\c++\csc190christianlang\gameskeleton\gameskeleton\gamesolution\gtest\gtest\internal\gtest-param-util-generated.h(4766) : see reference to class template instantiation 'testing::internal::CartesianProductHolder9<Generator1,Generator2,Generator3,Generator4,Generator5,Generator6,Generator7,Generator8,Generator9>' being compiled
     1>c:\school work\c++\csc190christianlang\gameskeleton\gameskeleton\gamesolution\gtest\gtest\internal\gtest-param-util-generated.h(4738): error C3203: 'tuple' : unspecialized class template can't be used as a template argument for template parameter 'T', expected a real type
     1>c:\school work\c++\csc190christianlang\gameskeleton\gameskeleton\gamesolution\gtest\gtest\internal\gtest-param-util-generated.h(4738): error C2955: 'std::tuple' : use of class template requires template argument list
                 c:\program files (x86)\microsoft visual studio 11.0\vc\include\utility(73) : see declaration of 'std::tuple'
     1>c:\school work\c++\csc190christianlang\gameskeleton\gameskeleton\gamesolution\gtest\gtest\internal\gtest-param-util-generated.h(4782): error C2977: 'std::tuple' : too many template arguments
                 c:\program files (x86)\microsoft visual studio 11.0\vc\include\utility(73) : see declaration of 'std::tuple'
                 c:\school work\c++\csc190christianlang\gameskeleton\gameskeleton\gamesolution\gtest\gtest\internal\gtest-param-util-generated.h(4813) : see reference to class template instantiation 'testing::internal::CartesianProductHolder10<Generator1,Generator2,Generator3,Generator4,Generator5,Generator6,Generator7,Generator8,Generator9,Generator10>' being compiled
     1>c:\school work\c++\csc190christianlang\gameskeleton\gameskeleton\gamesolution\gtest\gtest\internal\gtest-param-util-generated.h(4782): error C3203: 'tuple' : unspecialized class template can't be used as a template argument for template parameter 'T', expected a real type
     1>c:\school work\c++\csc190christianlang\gameskeleton\gameskeleton\gamesolution\gtest\gtest\internal\gtest-param-util-generated.h(4782): error C2955: 'std::tuple' : use of class template requires template argument list
                 c:\program files (x86)\microsoft visual studio 11.0\vc\include\utility(73) : see declaration of 'std::tuple'
         Generating Code...
     1>Done Building Project "C:\School Work\C++\csc190ChristianLang\GameSkeleton\GameSkeleton\GameSolution\Test\Test.vcxproj" (Build target(s)) -- FAILED.

Build FAILED.

Time Elapsed 00:00:08.44
