Build started 5/5/2014 9:28:15 PM.
     1>Project "C:\School Work\C++\csc190ChristianLang\GameSkeleton\GameSkeleton\GameSolution\Game\Game.vcxproj" on node 2 (Build target(s)).
     1>ClCompile:
         C:\Program Files (x86)\Microsoft Visual Studio 11.0\VC\bin\CL.exe /c /I"C:\School Work\C++\csc190ChristianLang\GameSkeleton\GameSkeleton\GameSolution\\Engine" /I"C:\School Work\C++\csc190ChristianLang\GameSkeleton\GameSkeleton\GameSolution\\Core\include" /ZI /nologo /W4 /WX /Od /Oy- /D WIN32 /D _DEBUG /D _WINDOWS /D _UNICODE /D UNICODE /Gm /EHsc /RTC1 /MDd /GS /fp:precise /Zc:wchar_t /Zc:forScope /Fo"Debug\\" /Fd"Debug\vc110.pdb" /Gd /TP /analyze- /errorReport:prompt Spaceship.cpp main.cpp
         Spaceship.cpp
     1>c:\school work\c++\csc190christianlang\gameskeleton\gameskeleton\gamesolution\game\spaceship.cpp(195): error C2065: 'stringstream' : undeclared identifier
     1>c:\school work\c++\csc190christianlang\gameskeleton\gameskeleton\gamesolution\game\spaceship.cpp(195): error C2146: syntax error : missing ';' before identifier 'ss'
     1>c:\school work\c++\csc190christianlang\gameskeleton\gameskeleton\gamesolution\game\spaceship.cpp(195): error C2065: 'ss' : undeclared identifier
     1>c:\school work\c++\csc190christianlang\gameskeleton\gameskeleton\gamesolution\game\spaceship.cpp(196): error C2065: 'ss' : undeclared identifier
     1>c:\school work\c++\csc190christianlang\gameskeleton\gameskeleton\gamesolution\game\spaceship.cpp(197): error C2065: 'ss' : undeclared identifier
     1>c:\school work\c++\csc190christianlang\gameskeleton\gameskeleton\gamesolution\game\spaceship.cpp(197): error C2228: left of '.str' must have class/struct/union
                 type is ''unknown-type''
     1>c:\school work\c++\csc190christianlang\gameskeleton\gameskeleton\gamesolution\game\spaceship.cpp(197): error C2228: left of '.c_str' must have class/struct/union
     1>c:\school work\c++\csc190christianlang\gameskeleton\gameskeleton\gamesolution\game\spaceship.cpp(202): error C2065: 'stringstream' : undeclared identifier
     1>c:\school work\c++\csc190christianlang\gameskeleton\gameskeleton\gamesolution\game\spaceship.cpp(202): error C2146: syntax error : missing ';' before identifier 'ss'
     1>c:\school work\c++\csc190christianlang\gameskeleton\gameskeleton\gamesolution\game\spaceship.cpp(202): error C2065: 'ss' : undeclared identifier
     1>c:\school work\c++\csc190christianlang\gameskeleton\gameskeleton\gamesolution\game\spaceship.cpp(203): error C2065: 'ss' : undeclared identifier
     1>c:\school work\c++\csc190christianlang\gameskeleton\gameskeleton\gamesolution\game\spaceship.cpp(204): error C2065: 'ss' : undeclared identifier
     1>c:\school work\c++\csc190christianlang\gameskeleton\gameskeleton\gamesolution\game\spaceship.cpp(204): error C2228: left of '.str' must have class/struct/union
                 type is ''unknown-type''
     1>c:\school work\c++\csc190christianlang\gameskeleton\gameskeleton\gamesolution\game\spaceship.cpp(204): error C2228: left of '.c_str' must have class/struct/union
     1>c:\school work\c++\csc190christianlang\gameskeleton\gameskeleton\gamesolution\game\spaceship.cpp(209): error C2065: 'stringstream' : undeclared identifier
     1>c:\school work\c++\csc190christianlang\gameskeleton\gameskeleton\gamesolution\game\spaceship.cpp(209): error C2146: syntax error : missing ';' before identifier 'ss'
     1>c:\school work\c++\csc190christianlang\gameskeleton\gameskeleton\gamesolution\game\spaceship.cpp(209): error C2065: 'ss' : undeclared identifier
     1>c:\school work\c++\csc190christianlang\gameskeleton\gameskeleton\gamesolution\game\spaceship.cpp(210): error C2065: 'ss' : undeclared identifier
     1>c:\school work\c++\csc190christianlang\gameskeleton\gameskeleton\gamesolution\game\spaceship.cpp(211): error C2065: 'ss' : undeclared identifier
     1>c:\school work\c++\csc190christianlang\gameskeleton\gameskeleton\gamesolution\game\spaceship.cpp(211): error C2228: left of '.str' must have class/struct/union
                 type is ''unknown-type''
     1>c:\school work\c++\csc190christianlang\gameskeleton\gameskeleton\gamesolution\game\spaceship.cpp(211): error C2228: left of '.c_str' must have class/struct/union
         Generating Code...
         Compiling...
         main.cpp
         Generating Code...
     1>Done Building Project "C:\School Work\C++\csc190ChristianLang\GameSkeleton\GameSkeleton\GameSolution\Game\Game.vcxproj" (Build target(s)) -- FAILED.

Build FAILED.

Time Elapsed 00:00:04.68
